<?xml version="1.0" encoding="UTF-8"?>
<!-- Generated by org.testng.reporters.JUnitReportReporter -->
<testsuite skipped="0" hostname="DESKTOP-IQKO778" name="com.qa.test.FindMyClassTest" tests="1" failures="0" timestamp="27 Dec 2020 14:05:57 GMT" time="45.120" errors="0">
  <testcase name="clickOnEdit" time="45.120" classname="com.qa.test.FindMyClassTest"/>
</testsuite> <!-- com.qa.test.FindMyClassTest -->
