<?xml version="1.0" encoding="UTF-8"?>
<!-- Generated by org.testng.reporters.JUnitReportReporter -->
<testsuite skipped="0" hostname="DESKTOP-IQKO778" name="com.qa.test.EditProfileTest" tests="1" failures="0" timestamp="27 Dec 2020 14:23:47 GMT" time="32.567" errors="0">
  <testcase name="editProileTest" time="32.567" classname="com.qa.test.EditProfileTest"/>
</testsuite> <!-- com.qa.test.EditProfileTest -->
