<?xml version="1.0" encoding="UTF-8"?>
<!-- Generated by org.testng.reporters.JUnitReportReporter -->
<testsuite skipped="0" hostname="DESKTOP-IQKO778" name="com.qa.test.LoginPageTest" tests="1" failures="0" timestamp="26 Dec 2020 19:47:59 GMT" time="50.204" errors="0">
  <testcase name="findMClassTest" time="50.204" classname="com.qa.test.LoginPageTest"/>
</testsuite> <!-- com.qa.test.LoginPageTest -->
